This file contains any messages produced by compilers while
running configure, to aid debugging if configure makes a mistake.

It was created by FreeType configure 2.3.5, which was
generated by GNU Autoconf 2.61.  Invocation command line was

  $ ./configure 

## --------- ##
## Platform. ##
## --------- ##

hostname = corn
uname -m = i386
uname -r = 8.10.1
uname -s = Darwin
uname -v = Darwin Kernel Version 8.10.1: Wed May 23 16:33:00 PDT 2007; root:xnu-792.22.5~1/RELEASE_I386

/usr/bin/uname -p = i386
/bin/uname -X     = unknown

/bin/arch              = unknown
/usr/bin/arch -k       = unknown
/usr/convex/getsysinfo = unknown
/usr/bin/hostinfo      = Mach kernel version:
	 Darwin Kernel Version 8.10.1: Wed May 23 16:33:00 PDT 2007; root:xnu-792.22.5~1/RELEASE_I386
Kernel configured for up to 2 processors.
2 processors are physically available.
2 processors are logically available.
Processor type: i486 (Intel 80486)
Processors active: 0 1
Primary memory available: 2.00 gigabytes
Default processor set: 79 tasks, 280 threads, 2 processors
Load average: 0.40, Mach factor: 1.59
/bin/machine           = unknown
/usr/bin/oslevel       = unknown
/bin/universe          = unknown

PATH: /Users/jimh/bin
PATH: /Applications/Autodesk/maya8.5/Maya.app/Contents/bin
PATH: /usr/local/bin
PATH: /usr/local/mysql/bin
PATH: /usr/local/Trolltech/Qt-4.2.3/bin
PATH: /usr/libexec/binutils
PATH: /Users/jimh/sandbox/src/build
PATH: /usr/bin
PATH: /bin
PATH: /usr/sbin
PATH: /sbin
PATH: /usr/local/teTeX/bin/powerpc-apple-darwin-current
PATH: /usr/X11R6/bin
PATH: /sw/bin
PATH: /sw/sbin
PATH: /Users/jimh/.cpan/build/Mail-SpamAssassin-3.1.1/
PATH: /Users/jimh/stage/debug/bin


## ----------- ##
## Core tests. ##
## ----------- ##

configure:1977: checking build system type
configure:1995: result: i386-apple-darwin8.10.1
configure:2017: checking host system type
configure:2032: result: i386-apple-darwin8.10.1
configure:2054: checking target system type
configure:2069: result: i386-apple-darwin8.10.1
configure:2149: checking for gcc
configure:2165: found /usr/bin/gcc
configure:2176: result: gcc
configure:2414: checking for C compiler version
configure:2421: gcc --version >&5
i686-apple-darwin8-gcc-4.0.1 (GCC) 4.0.1 (Apple Computer, Inc. build 5363)
Copyright (C) 2005 Free Software Foundation, Inc.
This is free software; see the source for copying conditions.  There is NO
warranty; not even for MERCHANTABILITY or FITNESS FOR A PARTICULAR PURPOSE.

configure:2424: $? = 0
configure:2431: gcc -v >&5
Using built-in specs.
Target: i686-apple-darwin8
Configured with: /private/var/tmp/gcc/gcc-5363.obj~28/src/configure --disable-checking -enable-werror --prefix=/usr --mandir=/share/man --enable-languages=c,objc,c++,obj-c++ --program-transform-name=/^[cg][^.-]*$/s/$/-4.0/ --with-gxx-include-dir=/include/c++/4.0.0 --with-slibdir=/usr/lib --build=powerpc-apple-darwin8 --with-arch=nocona --with-tune=generic --program-prefix= --host=i686-apple-darwin8 --target=i686-apple-darwin8
Thread model: posix
gcc version 4.0.1 (Apple Computer, Inc. build 5363)
configure:2434: $? = 0
configure:2441: gcc -V >&5
gcc: argument to `-V' is missing
configure:2444: $? = 1
configure:2467: checking for C compiler default output file name
configure:2494: gcc    conftest.c  >&5
configure:2497: $? = 0
configure:2535: result: a.out
configure:2552: checking whether the C compiler works
configure:2562: ./a.out
configure:2565: $? = 0
configure:2582: result: yes
configure:2589: checking whether we are cross compiling
configure:2591: result: no
configure:2594: checking for suffix of executables
configure:2601: gcc -o conftest    conftest.c  >&5
configure:2604: $? = 0
configure:2628: result: 
configure:2634: checking for suffix of object files
configure:2660: gcc -c   conftest.c >&5
configure:2663: $? = 0
configure:2686: result: o
configure:2690: checking whether we are using the GNU C compiler
configure:2719: gcc -c   conftest.c >&5
configure:2725: $? = 0
configure:2742: result: yes
configure:2747: checking whether gcc accepts -g
configure:2777: gcc -c -g  conftest.c >&5
configure:2783: $? = 0
configure:2882: result: yes
configure:2899: checking for gcc option to accept ISO C89
configure:2973: gcc  -c -g -O2  conftest.c >&5
configure:2979: $? = 0
configure:3002: result: none needed
configure:3025: checking how to run the C preprocessor
configure:3065: gcc -E  conftest.c
configure:3071: $? = 0
configure:3102: gcc -E  conftest.c
conftest.c:8:28: error: ac_nonexistent.h: No such file or directory
configure:3108: $? = 1
configure: failed program was:
| /* confdefs.h.  */
| #define PACKAGE_NAME "FreeType"
| #define PACKAGE_TARNAME "freetype"
| #define PACKAGE_VERSION "2.3.5"
| #define PACKAGE_STRING "FreeType 2.3.5"
| #define PACKAGE_BUGREPORT "freetype@nongnu.org"
| /* end confdefs.h.  */
| #include <ac_nonexistent.h>
configure:3141: result: gcc -E
configure:3170: gcc -E  conftest.c
configure:3176: $? = 0
configure:3207: gcc -E  conftest.c
conftest.c:8:28: error: ac_nonexistent.h: No such file or directory
configure:3213: $? = 1
configure: failed program was:
| /* confdefs.h.  */
| #define PACKAGE_NAME "FreeType"
| #define PACKAGE_TARNAME "freetype"
| #define PACKAGE_VERSION "2.3.5"
| #define PACKAGE_STRING "FreeType 2.3.5"
| #define PACKAGE_BUGREPORT "freetype@nongnu.org"
| /* end confdefs.h.  */
| #include <ac_nonexistent.h>
configure:3445: checking for rm
configure:3461: found /bin/rm
configure:3472: result: rm -f
configure:3482: checking for rmdir
configure:3498: found /bin/rmdir
configure:3509: result: rmdir
configure:3536: checking for a BSD-compatible install
configure:3592: result: /usr/bin/install -c
configure:3615: checking for grep that handles long lines and -e
configure:3689: result: /usr/bin/grep
configure:3694: checking for egrep
configure:3772: result: /usr/bin/grep -E
configure:3777: checking for ANSI C header files
configure:3807: gcc -c -g -O2  conftest.c >&5
configure:3813: $? = 0
configure:3909: gcc -o conftest -g -O2   conftest.c  >&5
configure:3912: $? = 0
configure:3918: ./conftest
configure:3921: $? = 0
configure:3938: result: yes
configure:3962: checking for sys/types.h
configure:3983: gcc -c -g -O2  conftest.c >&5
configure:3989: $? = 0
configure:4005: result: yes
configure:3962: checking for sys/stat.h
configure:3983: gcc -c -g -O2  conftest.c >&5
configure:3989: $? = 0
configure:4005: result: yes
configure:3962: checking for stdlib.h
configure:3983: gcc -c -g -O2  conftest.c >&5
configure:3989: $? = 0
configure:4005: result: yes
configure:3962: checking for string.h
configure:3983: gcc -c -g -O2  conftest.c >&5
configure:3989: $? = 0
configure:4005: result: yes
configure:3962: checking for memory.h
configure:3983: gcc -c -g -O2  conftest.c >&5
configure:3989: $? = 0
configure:4005: result: yes
configure:3962: checking for strings.h
configure:3983: gcc -c -g -O2  conftest.c >&5
configure:3989: $? = 0
configure:4005: result: yes
configure:3962: checking for inttypes.h
configure:3983: gcc -c -g -O2  conftest.c >&5
configure:3989: $? = 0
configure:4005: result: yes
configure:3962: checking for stdint.h
configure:3983: gcc -c -g -O2  conftest.c >&5
configure:3989: $? = 0
configure:4005: result: yes
configure:3962: checking for unistd.h
configure:3983: gcc -c -g -O2  conftest.c >&5
configure:3989: $? = 0
configure:4005: result: yes
configure:4033: checking fcntl.h usability
configure:4050: gcc -c -g -O2  conftest.c >&5
configure:4056: $? = 0
configure:4070: result: yes
configure:4074: checking fcntl.h presence
configure:4089: gcc -E  conftest.c
configure:4095: $? = 0
configure:4109: result: yes
configure:4142: checking for fcntl.h
configure:4150: result: yes
configure:4023: checking for unistd.h
configure:4029: result: yes
configure:4167: checking for an ANSI C-conforming const
configure:4242: gcc -c -g -O2  conftest.c >&5
configure:4248: $? = 0
configure:4263: result: yes
configure:4273: checking for int
configure:4303: gcc -c -g -O2  conftest.c >&5
configure:4309: $? = 0
configure:4324: result: yes
configure:4331: checking size of int
configure:4633: gcc -o conftest -g -O2   conftest.c  >&5
configure:4636: $? = 0
configure:4642: ./conftest
configure:4645: $? = 0
configure:4668: result: 4
configure:4678: checking for long
configure:4708: gcc -c -g -O2  conftest.c >&5
configure:4714: $? = 0
configure:4729: result: yes
configure:4736: checking size of long
configure:5038: gcc -o conftest -g -O2   conftest.c  >&5
configure:5041: $? = 0
configure:5047: ./conftest
configure:5050: $? = 0
configure:5073: result: 4
configure:5095: checking for stdlib.h
configure:5101: result: yes
configure:5095: checking for unistd.h
configure:5101: result: yes
configure:5239: checking for getpagesize
configure:5295: gcc -o conftest -g -O2   conftest.c  >&5
configure:5301: $? = 0
configure:5319: result: yes
configure:5329: checking for working mmap
configure:5476: gcc -o conftest -g -O2   conftest.c  >&5
configure:5479: $? = 0
configure:5485: ./conftest
configure:5488: $? = 0
configure:5504: result: yes
configure:5520: checking whether munmap is declared
configure:5557: gcc -c -g -O2  conftest.c >&5
configure:5563: $? = 0
configure:5578: result: yes
configure:5597: checking for munmap's first parameter type
configure:5621: gcc -c -g -O2  conftest.c >&5
configure:5627: $? = 0
configure:5632: result: void *
configure:5657: checking for memcpy
configure:5713: gcc -o conftest -g -O2   conftest.c  >&5
conftest.c:51: warning: conflicting types for built-in function 'memcpy'
configure:5719: $? = 0
configure:5737: result: yes
configure:5657: checking for memmove
configure:5713: gcc -o conftest -g -O2   conftest.c  >&5
conftest.c:52: warning: conflicting types for built-in function 'memmove'
configure:5719: $? = 0
configure:5737: result: yes
configure:5759: checking for gzsetparams in -lz
configure:5794: gcc -o conftest -g -O2   conftest.c -lz   >&5
configure:5800: $? = 0
configure:5818: result: yes
configure:5831: checking zlib.h usability
configure:5848: gcc -c -g -O2  conftest.c >&5
configure:5854: $? = 0
configure:5868: result: yes
configure:5872: checking zlib.h presence
configure:5887: gcc -E  conftest.c
configure:5893: $? = 0
configure:5907: result: yes
configure:5940: checking for zlib.h
configure:5947: result: yes
configure:6681: checking for a sed that does not truncate output
configure:6735: result: /usr/bin/sed
configure:6749: checking for ld used by gcc
configure:6816: result: /usr/bin/ld
configure:6825: checking if the linker (/usr/bin/ld) is GNU ld
configure:6840: result: no
configure:6845: checking for /usr/bin/ld option to reload object files
configure:6852: result: -r
configure:6870: checking for BSD-compatible nm
configure:6919: result: /usr/bin/nm -p
configure:6923: checking whether ln -s works
configure:6927: result: yes
configure:6934: checking how to recognise dependent libraries
configure:7110: result: pass_all
configure:7353: checking dlfcn.h usability
configure:7370: gcc -c -g -O2 -DFT_CONFIG_OPTION_SYSTEM_ZLIB -DDARWIN_NO_CARBON  conftest.c >&5
configure:7376: $? = 0
configure:7390: result: yes
configure:7394: checking dlfcn.h presence
configure:7409: gcc -E  conftest.c
configure:7415: $? = 0
configure:7429: result: yes
configure:7462: checking for dlfcn.h
configure:7470: result: yes
configure:7541: checking for g++
configure:7557: found /usr/bin/g++
configure:7568: result: g++
configure:7599: checking for C++ compiler version
configure:7606: g++ --version >&5
i686-apple-darwin8-g++-4.0.1 (GCC) 4.0.1 (Apple Computer, Inc. build 5363)
Copyright (C) 2005 Free Software Foundation, Inc.
This is free software; see the source for copying conditions.  There is NO
warranty; not even for MERCHANTABILITY or FITNESS FOR A PARTICULAR PURPOSE.

configure:7609: $? = 0
configure:7616: g++ -v >&5
Using built-in specs.
Target: i686-apple-darwin8
Configured with: /private/var/tmp/gcc/gcc-5363.obj~28/src/configure --disable-checking -enable-werror --prefix=/usr --mandir=/share/man --enable-languages=c,objc,c++,obj-c++ --program-transform-name=/^[cg][^.-]*$/s/$/-4.0/ --with-gxx-include-dir=/include/c++/4.0.0 --with-slibdir=/usr/lib --build=powerpc-apple-darwin8 --with-arch=nocona --with-tune=generic --program-prefix= --host=i686-apple-darwin8 --target=i686-apple-darwin8
Thread model: posix
gcc version 4.0.1 (Apple Computer, Inc. build 5363)
configure:7619: $? = 0
configure:7626: g++ -V >&5
g++: argument to `-V' is missing
configure:7629: $? = 1
configure:7632: checking whether we are using the GNU C++ compiler
configure:7661: g++ -c   conftest.cpp >&5
configure:7667: $? = 0
configure:7684: result: yes
configure:7689: checking whether g++ accepts -g
configure:7719: g++ -c -g  conftest.cpp >&5
configure:7725: $? = 0
configure:7824: result: yes
configure:7857: checking how to run the C++ preprocessor
configure:7893: g++ -E  conftest.cpp
configure:7899: $? = 0
configure:7930: g++ -E  conftest.cpp
conftest.cpp:31:28: error: ac_nonexistent.h: No such file or directory
configure:7936: $? = 1
configure: failed program was:
| /* confdefs.h.  */
| #define PACKAGE_NAME "FreeType"
| #define PACKAGE_TARNAME "freetype"
| #define PACKAGE_VERSION "2.3.5"
| #define PACKAGE_STRING "FreeType 2.3.5"
| #define PACKAGE_BUGREPORT "freetype@nongnu.org"
| #define STDC_HEADERS 1
| #define HAVE_SYS_TYPES_H 1
| #define HAVE_SYS_STAT_H 1
| #define HAVE_STDLIB_H 1
| #define HAVE_STRING_H 1
| #define HAVE_MEMORY_H 1
| #define HAVE_STRINGS_H 1
| #define HAVE_INTTYPES_H 1
| #define HAVE_STDINT_H 1
| #define HAVE_UNISTD_H 1
| #define HAVE_FCNTL_H 1
| #define HAVE_UNISTD_H 1
| #define SIZEOF_INT 4
| #define SIZEOF_LONG 4
| #define HAVE_STDLIB_H 1
| #define HAVE_UNISTD_H 1
| #define HAVE_GETPAGESIZE 1
| #define HAVE_MMAP 1
| #define HAVE_DECL_MUNMAP 1
| #define MUNMAP_USES_VOIDP
| #define HAVE_MEMCPY 1
| #define HAVE_MEMMOVE 1
| #define HAVE_DLFCN_H 1
| /* end confdefs.h.  */
| #include <ac_nonexistent.h>
configure:7969: result: g++ -E
configure:7998: g++ -E  conftest.cpp
configure:8004: $? = 0
configure:8035: g++ -E  conftest.cpp
conftest.cpp:31:28: error: ac_nonexistent.h: No such file or directory
configure:8041: $? = 1
configure: failed program was:
| /* confdefs.h.  */
| #define PACKAGE_NAME "FreeType"
| #define PACKAGE_TARNAME "freetype"
| #define PACKAGE_VERSION "2.3.5"
| #define PACKAGE_STRING "FreeType 2.3.5"
| #define PACKAGE_BUGREPORT "freetype@nongnu.org"
| #define STDC_HEADERS 1
| #define HAVE_SYS_TYPES_H 1
| #define HAVE_SYS_STAT_H 1
| #define HAVE_STDLIB_H 1
| #define HAVE_STRING_H 1
| #define HAVE_MEMORY_H 1
| #define HAVE_STRINGS_H 1
| #define HAVE_INTTYPES_H 1
| #define HAVE_STDINT_H 1
| #define HAVE_UNISTD_H 1
| #define HAVE_FCNTL_H 1
| #define HAVE_UNISTD_H 1
| #define SIZEOF_INT 4
| #define SIZEOF_LONG 4
| #define HAVE_STDLIB_H 1
| #define HAVE_UNISTD_H 1
| #define HAVE_GETPAGESIZE 1
| #define HAVE_MMAP 1
| #define HAVE_DECL_MUNMAP 1
| #define MUNMAP_USES_VOIDP
| #define HAVE_MEMCPY 1
| #define HAVE_MEMMOVE 1
| #define HAVE_DLFCN_H 1
| /* end confdefs.h.  */
| #include <ac_nonexistent.h>
configure:8134: checking for g77
configure:8164: result: no
configure:8134: checking for xlf
configure:8164: result: no
configure:8134: checking for f77
configure:8164: result: no
configure:8134: checking for frt
configure:8164: result: no
configure:8134: checking for pgf77
configure:8164: result: no
configure:8134: checking for cf77
configure:8164: result: no
configure:8134: checking for fort77
configure:8164: result: no
configure:8134: checking for fl32
configure:8164: result: no
configure:8134: checking for af77
configure:8164: result: no
configure:8134: checking for xlf90
configure:8164: result: no
configure:8134: checking for f90
configure:8164: result: no
configure:8134: checking for pgf90
configure:8164: result: no
configure:8134: checking for pghpf
configure:8164: result: no
configure:8134: checking for epcf90
configure:8164: result: no
configure:8134: checking for gfortran
configure:8164: result: no
configure:8134: checking for g95
configure:8164: result: no
configure:8134: checking for xlf95
configure:8164: result: no
configure:8134: checking for f95
configure:8164: result: no
configure:8134: checking for fort
configure:8164: result: no
configure:8134: checking for ifort
configure:8164: result: no
configure:8134: checking for ifc
configure:8164: result: no
configure:8134: checking for efc
configure:8164: result: no
configure:8134: checking for pgf95
configure:8164: result: no
configure:8134: checking for lf95
configure:8164: result: no
configure:8134: checking for ftn
configure:8164: result: no
configure:8191: checking for Fortran 77 compiler version
configure:8198:  --version >&5
./configure: line 1: --version: command not found
configure:8201: $? = 127
configure:8208:  -v >&5
./configure: line 1: -v: command not found
configure:8211: $? = 127
configure:8218:  -V >&5
./configure: line 1: -V: command not found
configure:8221: $? = 127
configure:8229: checking whether we are using the GNU Fortran 77 compiler
configure:8248:  -c  conftest.F >&5
./configure: line 1: -c: command not found
configure:8254: $? = 127
configure: failed program was:
|       program main
| #ifndef __GNUC__
|        choke me
| #endif
| 
|       end
configure:8271: result: no
configure:8277: checking whether  accepts -g
configure:8294:  -c -g conftest.f >&5
./configure: line 1: -c: command not found
configure:8300: $? = 127
configure: failed program was:
|       program main
| 
|       end
configure:8316: result: no
configure:8346: checking the maximum length of command line arguments
configure:8455: result: 196608
configure:8466: checking command to parse /usr/bin/nm -p output from gcc object
configure:8571: gcc -c -g -O2 -DFT_CONFIG_OPTION_SYSTEM_ZLIB -DDARWIN_NO_CARBON  conftest.c >&5
configure:8574: $? = 0
configure:8578: /usr/bin/nm -p conftest.o \| sed -n -e 's/^.*[ 	]\([BCDEGRST][BCDEGRST]*\)[ 	][ 	]*\([_A-Za-z][_A-Za-z0-9]*\)$/\1 \2 \2/p' \> conftest.nm
configure:8581: $? = 0
cannot find nm_test_var in conftest.nm
configure:8571: gcc -c -g -O2 -DFT_CONFIG_OPTION_SYSTEM_ZLIB -DDARWIN_NO_CARBON  conftest.c >&5
configure:8574: $? = 0
configure:8578: /usr/bin/nm -p conftest.o \| sed -n -e 's/^.*[ 	]\([BCDEGRST][BCDEGRST]*\)[ 	][ 	]*_\([_A-Za-z][_A-Za-z0-9]*\)$/\1 _\2 \2/p' \> conftest.nm
configure:8581: $? = 0
configure:8633: gcc -o conftest -g -O2 -DFT_CONFIG_OPTION_SYSTEM_ZLIB -DDARWIN_NO_CARBON   -lz conftest.c conftstm.o >&5
configure:8636: $? = 0
configure:8674: result: ok
configure:8678: checking for objdir
configure:8693: result: .libs
configure:8785: checking for ar
configure:8801: found /usr/bin/ar
configure:8812: result: ar
configure:8881: checking for ranlib
configure:8897: found /usr/bin/ranlib
configure:8908: result: ranlib
configure:8977: checking for strip
configure:8993: found /usr/bin/strip
configure:9004: result: strip
configure:9290: checking if gcc supports -fno-rtti -fno-exceptions
configure:9311: gcc -c -g -O2 -DFT_CONFIG_OPTION_SYSTEM_ZLIB -DDARWIN_NO_CARBON  -fno-rtti -fno-exceptions conftest.c >&5
cc1: warning: command line option "-fno-rtti" is valid for C++/ObjC++ but not for C
configure:9315: $? = 0
configure:9325: result: no
configure:9340: checking for gcc option to produce PIC
configure:9550: result: -fno-common
configure:9558: checking if gcc PIC flag -fno-common works
configure:9579: gcc -c -g -O2 -DFT_CONFIG_OPTION_SYSTEM_ZLIB -DDARWIN_NO_CARBON  -fno-common -DPIC conftest.c >&5
configure:9583: $? = 0
configure:9593: result: yes
configure:9621: checking if gcc static flag -static works
configure:9649: result: no
configure:9659: checking if gcc supports -c -o file.o
configure:9683: gcc -c -g -O2 -DFT_CONFIG_OPTION_SYSTEM_ZLIB -DDARWIN_NO_CARBON  -o out/conftest2.o conftest.c >&5
configure:9687: $? = 0
configure:9706: result: yes
configure:9732: checking whether the gcc linker (/usr/bin/ld) supports shared libraries
configure:10686: result: yes
configure:10753: checking dynamic linker characteristics
configure:11341: result: darwin8.10.1 dyld
configure:11350: checking how to hardcode library paths into programs
configure:11375: result: immediate
configure:11389: checking whether stripping libraries is possible
configure:11402: result: yes
configure:12195: checking if libtool supports shared libraries
configure:12197: result: yes
configure:12200: checking whether to build shared libraries
configure:12221: result: yes
configure:12224: checking whether to build static libraries
configure:12228: result: yes
configure:12320: creating libtool
configure:12908: checking for ld used by g++
configure:12975: result: /usr/bin/ld
configure:12984: checking if the linker (/usr/bin/ld) is GNU ld
configure:12999: result: no
configure:13050: checking whether the g++ linker (/usr/bin/ld) supports shared libraries
configure:13984: result: yes
configure:14002: g++ -c -g -O2  conftest.cpp >&5
configure:14005: $? = 0
configure:14124: checking for g++ option to produce PIC
configure:14398: result: -fno-common
configure:14406: checking if g++ PIC flag -fno-common works
configure:14427: g++ -c -g -O2  -fno-common -DPIC conftest.cpp >&5
configure:14431: $? = 0
configure:14441: result: yes
configure:14469: checking if g++ static flag -static works
configure:14497: result: no
configure:14507: checking if g++ supports -c -o file.o
configure:14531: g++ -c -g -O2  -o out/conftest2.o conftest.cpp >&5
configure:14535: $? = 0
configure:14554: result: yes
configure:14580: checking whether the g++ linker (/usr/bin/ld) supports shared libraries
configure:14605: result: yes
configure:14672: checking dynamic linker characteristics
configure:15260: result: darwin8.10.1 dyld
configure:15269: checking how to hardcode library paths into programs
configure:15294: result: immediate
configure:21558: creating ./config.status

## ---------------------- ##
## Running config.status. ##
## ---------------------- ##

This file was extended by FreeType config.status 2.3.5, which was
generated by GNU Autoconf 2.61.  Invocation command line was

  CONFIG_FILES    = 
  CONFIG_HEADERS  = 
  CONFIG_LINKS    = 
  CONFIG_COMMANDS = 
  $ ./config.status 

on corn

config.status:638: creating unix-cc.mk
config.status:638: creating unix-def.mk
config.status:638: creating freetype-config
config.status:638: creating freetype2.pc
config.status:638: creating ftconfig.h

## ---------------- ##
## Cache variables. ##
## ---------------- ##

ac_cv_build=i386-apple-darwin8.10.1
ac_cv_c_compiler_gnu=yes
ac_cv_c_const=yes
ac_cv_cxx_compiler_gnu=yes
ac_cv_env_CCC_set=
ac_cv_env_CCC_value=
ac_cv_env_CC_set=
ac_cv_env_CC_value=
ac_cv_env_CFLAGS_set=
ac_cv_env_CFLAGS_value=
ac_cv_env_CPPFLAGS_set=
ac_cv_env_CPPFLAGS_value=
ac_cv_env_CPP_set=
ac_cv_env_CPP_value=
ac_cv_env_CXXCPP_set=
ac_cv_env_CXXCPP_value=
ac_cv_env_CXXFLAGS_set=
ac_cv_env_CXXFLAGS_value=
ac_cv_env_CXX_set=
ac_cv_env_CXX_value=
ac_cv_env_F77_set=
ac_cv_env_F77_value=
ac_cv_env_FFLAGS_set=
ac_cv_env_FFLAGS_value=
ac_cv_env_LDFLAGS_set=
ac_cv_env_LDFLAGS_value=
ac_cv_env_LIBS_set=
ac_cv_env_LIBS_value=
ac_cv_env_build_alias_set=
ac_cv_env_build_alias_value=
ac_cv_env_host_alias_set=
ac_cv_env_host_alias_value=
ac_cv_env_target_alias_set=
ac_cv_env_target_alias_value=
ac_cv_f77_compiler_gnu=no
ac_cv_func_getpagesize=yes
ac_cv_func_memcpy=yes
ac_cv_func_memmove=yes
ac_cv_func_mmap_fixed_mapped=yes
ac_cv_have_decl_munmap=yes
ac_cv_header_dlfcn_h=yes
ac_cv_header_fcntl_h=yes
ac_cv_header_inttypes_h=yes
ac_cv_header_memory_h=yes
ac_cv_header_stdc=yes
ac_cv_header_stdint_h=yes
ac_cv_header_stdlib_h=yes
ac_cv_header_string_h=yes
ac_cv_header_strings_h=yes
ac_cv_header_sys_stat_h=yes
ac_cv_header_sys_types_h=yes
ac_cv_header_unistd_h=yes
ac_cv_header_zlib_h=yes
ac_cv_host=i386-apple-darwin8.10.1
ac_cv_lib_z_gzsetparams=yes
ac_cv_objext=o
ac_cv_path_EGREP='/usr/bin/grep -E'
ac_cv_path_GREP=/usr/bin/grep
ac_cv_path_install='/usr/bin/install -c'
ac_cv_prog_CPP='gcc -E'
ac_cv_prog_CXXCPP='g++ -E'
ac_cv_prog_RMDIR=rmdir
ac_cv_prog_RMF='rm -f'
ac_cv_prog_ac_ct_AR=ar
ac_cv_prog_ac_ct_CC=gcc
ac_cv_prog_ac_ct_CXX=g++
ac_cv_prog_ac_ct_RANLIB=ranlib
ac_cv_prog_ac_ct_STRIP=strip
ac_cv_prog_cc_c89=
ac_cv_prog_cc_g=yes
ac_cv_prog_cxx_g=yes
ac_cv_prog_f77_g=no
ac_cv_sizeof_int=4
ac_cv_sizeof_long=4
ac_cv_target=i386-apple-darwin8.10.1
ac_cv_type_int=yes
ac_cv_type_long=yes
lt_cv_deplibs_check_method=pass_all
lt_cv_file_magic_cmd='$MAGIC_CMD'
lt_cv_file_magic_test_file=
lt_cv_ld_reload_flag=-r
lt_cv_objdir=.libs
lt_cv_path_LD=/usr/bin/ld
lt_cv_path_LDCXX=/usr/bin/ld
lt_cv_path_NM='/usr/bin/nm -p'
lt_cv_path_SED=/usr/bin/sed
lt_cv_prog_compiler_c_o=yes
lt_cv_prog_compiler_c_o_CXX=yes
lt_cv_prog_compiler_rtti_exceptions=no
lt_cv_prog_gnu_ld=no
lt_cv_prog_gnu_ldcxx=no
lt_cv_sys_global_symbol_pipe='sed -n -e '\''s/^.*[ 	]\([BCDEGRST][BCDEGRST]*\)[ 	][ 	]*_\([_A-Za-z][_A-Za-z0-9]*\)$/\1 _\2 \2/p'\'''
lt_cv_sys_global_symbol_to_c_name_address='sed -n -e '\''s/^: \([^ ]*\) $/  {\"\1\", (lt_ptr) 0},/p'\'' -e '\''s/^[BCDEGRST] \([^ ]*\) \([^ ]*\)$/  {"\2", (lt_ptr) \&\2},/p'\'''
lt_cv_sys_global_symbol_to_cdecl='sed -n -e '\''s/^. .* \(.*\)$/extern int \1;/p'\'''
lt_cv_sys_max_cmd_len=196608
lt_lt_cv_prog_compiler_c_o='"yes"'
lt_lt_cv_prog_compiler_c_o_CXX='"yes"'
lt_lt_cv_sys_global_symbol_pipe='"sed -n -e '\''s/^.*[ 	]\\([BCDEGRST][BCDEGRST]*\\)[ 	][ 	]*_\\([_A-Za-z][_A-Za-z0-9]*\\)\$/\\1 _\\2 \\2/p'\''"'
lt_lt_cv_sys_global_symbol_to_c_name_address='"sed -n -e '\''s/^: \\([^ ]*\\) \$/  {\\\"\\1\\\", (lt_ptr) 0},/p'\'' -e '\''s/^[BCDEGRST] \\([^ ]*\\) \\([^ ]*\\)\$/  {\"\\2\", (lt_ptr) \\&\\2},/p'\''"'
lt_lt_cv_sys_global_symbol_to_cdecl='"sed -n -e '\''s/^. .* \\(.*\\)\$/extern int \\1;/p'\''"'

## ----------------- ##
## Output variables. ##
## ----------------- ##

AR='ar'
CC='gcc'
CC_BUILD='gcc'
CFLAGS='-g -O2 -DFT_CONFIG_OPTION_SYSTEM_ZLIB -DDARWIN_NO_CARBON'
CPP='gcc -E'
CPPFLAGS=''
CXX='g++'
CXXCPP='g++ -E'
CXXFLAGS='-g -O2'
DEFS='-DHAVE_CONFIG_H'
ECHO='echo'
ECHO_C=''
ECHO_N='-n'
ECHO_T=''
EGREP='/usr/bin/grep -E'
EXEEXT=''
EXEEXT_BUILD=''
F77=''
FFLAGS=''
FT2_EXTRA_LIBS=''
FTSYS_SRC='$(BUILD_DIR)/ftsystem.c'
GREP='/usr/bin/grep'
INSTALL_DATA='${INSTALL} -m 644'
INSTALL_PROGRAM='${INSTALL}'
INSTALL_SCRIPT='${INSTALL}'
LDFLAGS=' -lz'
LIBOBJS=''
LIBS=''
LIBTOOL='$(SHELL) $(top_builddir)/libtool'
LIBZ='-lz'
LN_S='ln -s'
LTLIBOBJS=''
OBJEXT='o'
PACKAGE_BUGREPORT='freetype@nongnu.org'
PACKAGE_NAME='FreeType'
PACKAGE_STRING='FreeType 2.3.5'
PACKAGE_TARNAME='freetype'
PACKAGE_VERSION='2.3.5'
PATH_SEPARATOR=':'
RANLIB='ranlib'
RMDIR='rmdir'
RMF='rm -f'
SHELL='/bin/sh'
STRIP='strip'
SYSTEM_ZLIB='yes'
XX_ANSIFLAGS='-pedantic -ansi'
XX_CFLAGS='-Wall'
ac_ct_CC='gcc'
ac_ct_CXX='g++'
ac_ct_F77=''
bindir='${exec_prefix}/bin'
build='i386-apple-darwin8.10.1'
build_alias=''
build_cpu='i386'
build_os='darwin8.10.1'
build_vendor='apple'
datadir='${datarootdir}'
datarootdir='${prefix}/share'
docdir='${datarootdir}/doc/${PACKAGE_TARNAME}'
dvidir='${docdir}'
enable_shared='yes'
exec_prefix='${prefix}'
ft_version='9.16.3'
hardcode_libdir_flag_spec=''
host='i386-apple-darwin8.10.1'
host_alias=''
host_cpu='i386'
host_os='darwin8.10.1'
host_vendor='apple'
htmldir='${docdir}'
includedir='${prefix}/include'
infodir='${datarootdir}/info'
libdir='${exec_prefix}/lib'
libexecdir='${exec_prefix}/libexec'
localedir='${datarootdir}/locale'
localstatedir='${prefix}/var'
mandir='${datarootdir}/man'
oldincludedir='/usr/include'
pdfdir='${docdir}'
prefix='/usr/local'
program_transform_name='s,x,x,'
psdir='${docdir}'
sbindir='${exec_prefix}/sbin'
sharedstatedir='${prefix}/com'
sysconfdir='${prefix}/etc'
target='i386-apple-darwin8.10.1'
target_alias=''
target_cpu='i386'
target_os='darwin8.10.1'
target_vendor='apple'
version_info='9:16:3'
wl='-Wl,'

## ----------- ##
## confdefs.h. ##
## ----------- ##

#define PACKAGE_NAME "FreeType"
#define PACKAGE_TARNAME "freetype"
#define PACKAGE_VERSION "2.3.5"
#define PACKAGE_STRING "FreeType 2.3.5"
#define PACKAGE_BUGREPORT "freetype@nongnu.org"
#define STDC_HEADERS 1
#define HAVE_SYS_TYPES_H 1
#define HAVE_SYS_STAT_H 1
#define HAVE_STDLIB_H 1
#define HAVE_STRING_H 1
#define HAVE_MEMORY_H 1
#define HAVE_STRINGS_H 1
#define HAVE_INTTYPES_H 1
#define HAVE_STDINT_H 1
#define HAVE_UNISTD_H 1
#define HAVE_FCNTL_H 1
#define HAVE_UNISTD_H 1
#define SIZEOF_INT 4
#define SIZEOF_LONG 4
#define HAVE_STDLIB_H 1
#define HAVE_UNISTD_H 1
#define HAVE_GETPAGESIZE 1
#define HAVE_MMAP 1
#define HAVE_DECL_MUNMAP 1
#define MUNMAP_USES_VOIDP
#define HAVE_MEMCPY 1
#define HAVE_MEMMOVE 1
#define HAVE_DLFCN_H 1

configure: exit 0
